#! /usr/bin/vvp
:ivl_version "12.0 (stable)";
:ivl_delay_selection "TYPICAL";
:vpi_time_precision + 0;
:vpi_module "/usr/lib/x86_64-linux-gnu/ivl/system.vpi";
:vpi_module "/usr/lib/x86_64-linux-gnu/ivl/vhdl_sys.vpi";
:vpi_module "/usr/lib/x86_64-linux-gnu/ivl/vhdl_textio.vpi";
:vpi_module "/usr/lib/x86_64-linux-gnu/ivl/v2005_math.vpi";
:vpi_module "/usr/lib/x86_64-linux-gnu/ivl/va_math.vpi";
S_0x62364c897570 .scope module, "slow_clk" "slow_clk" 2 1;
 .timescale 0 0;
    .port_info 0 /INPUT 1 "reset";
    .port_info 1 /INPUT 1 "clk";
    .port_info 2 /OUTPUT 1 "clock";
o0x71459ddcf018 .functor BUFZ 1, C4<z>; HiZ drive
v0x62364c899400_0 .net "clk", 0 0, o0x71459ddcf018;  0 drivers
v0x62364c8defd0_0 .var "clock", 0 0;
v0x62364c8df090_0 .var "divider", 13 0;
o0x71459ddcf0a8 .functor BUFZ 1, C4<z>; HiZ drive
v0x62364c8df150_0 .net "reset", 0 0, o0x71459ddcf0a8;  0 drivers
E_0x62364c897e00 .event posedge, v0x62364c899400_0;
    .scope S_0x62364c897570;
T_0 ;
    %wait E_0x62364c897e00;
    %load/vec4 v0x62364c8df150_0;
    %flag_set/vec4 8;
    %jmp/0xz  T_0.0, 8;
    %pushi/vec4 0, 0, 14;
    %assign/vec4 v0x62364c8df090_0, 0;
    %jmp T_0.1;
T_0.0 ;
    %load/vec4 v0x62364c8df090_0;
    %addi 1, 0, 14;
    %assign/vec4 v0x62364c8df090_0, 0;
T_0.1 ;
    %load/vec4 v0x62364c8df090_0;
    %parti/s 1, 13, 5;
    %assign/vec4 v0x62364c8defd0_0, 0;
    %jmp T_0;
    .thread T_0;
# The file index is used to find the file name in the following table.
:file_names 3;
    "N/A";
    "<interactive>";
    "slow_clk.v";
